<?xml version="1.0" encoding="UTF-8"?>
<testsuites>
  <testsuite name="PHP Algorithms Test Suite" tests="26" assertions="36" failures="0" errors="0" time="1.099996">
    <testsuite name="BinarySearchTreeTest" file="/Users/mtkocak/Desktop/php-data-structures/tests/BinarySearchTreeTest.php" tests="8" assertions="14" failures="0" errors="0" time="0.171522">
      <testcase name="testAddDataWhenEmpty" class="BinarySearchTreeTest" file="/Users/mtkocak/Desktop/php-data-structures/tests/BinarySearchTreeTest.php" line="35" assertions="1" time="0.008855"/>
      <testcase name="testCreateTree" class="BinarySearchTreeTest" file="/Users/mtkocak/Desktop/php-data-structures/tests/BinarySearchTreeTest.php" line="42" assertions="1" time="0.013553"/>
      <testcase name="testSearchFound" class="BinarySearchTreeTest" file="/Users/mtkocak/Desktop/php-data-structures/tests/BinarySearchTreeTest.php" line="51" assertions="2" time="0.015719"/>
      <testcase name="testDeleteOneNodeEmpty" class="BinarySearchTreeTest" file="/Users/mtkocak/Desktop/php-data-structures/tests/BinarySearchTreeTest.php" line="57" assertions="2" time="0.021377"/>
      <testcase name="testDeleteTwoNodeEmpty" class="BinarySearchTreeTest" file="/Users/mtkocak/Desktop/php-data-structures/tests/BinarySearchTreeTest.php" line="76" assertions="2" time="0.020185"/>
      <testcase name="testDeleteNoNodeEmpty" class="BinarySearchTreeTest" file="/Users/mtkocak/Desktop/php-data-structures/tests/BinarySearchTreeTest.php" line="95" assertions="2" time="0.018939"/>
      <testcase name="testSearchNotFound" class="BinarySearchTreeTest" file="/Users/mtkocak/Desktop/php-data-structures/tests/BinarySearchTreeTest.php" line="113" assertions="2" time="0.015733"/>
      <testcase name="testBreadthFirst" class="BinarySearchTreeTest" file="/Users/mtkocak/Desktop/php-data-structures/tests/BinarySearchTreeTest.php" line="119" assertions="2" time="0.057161"/>
    </testsuite>
    <testsuite name="DoubleLinkedListTest" file="/Users/mtkocak/Desktop/php-data-structures/tests/DoubleLinkedListTest.php" tests="3" assertions="4" failures="0" errors="0" time="0.015995">
      <testcase name="testAddData" class="DoubleLinkedListTest" file="/Users/mtkocak/Desktop/php-data-structures/tests/DoubleLinkedListTest.php" line="20" assertions="1" time="0.007052"/>
      <testcase name="testAddAnotherData" class="DoubleLinkedListTest" file="/Users/mtkocak/Desktop/php-data-structures/tests/DoubleLinkedListTest.php" line="28" assertions="2" time="0.005129"/>
      <testcase name="testListAll" class="DoubleLinkedListTest" file="/Users/mtkocak/Desktop/php-data-structures/tests/DoubleLinkedListTest.php" line="37" assertions="1" time="0.003814"/>
    </testsuite>
    <testsuite name="QueueTest" file="/Users/mtkocak/Desktop/php-data-structures/tests/QueueTest.php" tests="2" assertions="3" failures="0" errors="0" time="0.006477">
      <testcase name="testAddData" class="QueueTest" file="/Users/mtkocak/Desktop/php-data-structures/tests/QueueTest.php" line="20" assertions="1" time="0.002909"/>
      <testcase name="testAddAnotherData" class="QueueTest" file="/Users/mtkocak/Desktop/php-data-structures/tests/QueueTest.php" line="28" assertions="2" time="0.003568"/>
    </testsuite>
    <testsuite name="SingleLinkedListTest" file="/Users/mtkocak/Desktop/php-data-structures/tests/SingleLinkedListTest.php" tests="3" assertions="4" failures="0" errors="0" time="0.013148">
      <testcase name="testAddData" class="SingleLinkedListTest" file="/Users/mtkocak/Desktop/php-data-structures/tests/SingleLinkedListTest.php" line="20" assertions="1" time="0.003885"/>
      <testcase name="testAddAnotherData" class="SingleLinkedListTest" file="/Users/mtkocak/Desktop/php-data-structures/tests/SingleLinkedListTest.php" line="28" assertions="2" time="0.005346"/>
      <testcase name="testListAll" class="SingleLinkedListTest" file="/Users/mtkocak/Desktop/php-data-structures/tests/SingleLinkedListTest.php" line="37" assertions="1" time="0.003917"/>
    </testsuite>
    <testsuite name="SortableTest" file="/Users/mtkocak/Desktop/php-data-structures/tests/SortableTest.php" tests="8" assertions="8" failures="0" errors="0" time="0.886021">
      <testcase name="testBucketSort" class="SortableTest" file="/Users/mtkocak/Desktop/php-data-structures/tests/SortableTest.php" line="56" assertions="1" time="0.045261">
        <system-out>
Bucket Sort: 0.036304</system-out>
      </testcase>
      <testcase name="testBubbleSort" class="SortableTest" file="/Users/mtkocak/Desktop/php-data-structures/tests/SortableTest.php" line="64" assertions="1" time="0.065191">
        <system-out>
Bubble Sort: 0.057313</system-out>
      </testcase>
      <testcase name="testSelectionSort" class="SortableTest" file="/Users/mtkocak/Desktop/php-data-structures/tests/SortableTest.php" line="74" assertions="1" time="0.063291">
        <system-out>
Selection Sort: 0.055795</system-out>
      </testcase>
      <testcase name="testShellSort" class="SortableTest" file="/Users/mtkocak/Desktop/php-data-structures/tests/SortableTest.php" line="84" assertions="1" time="0.220029">
        <system-out>
Shell Sort: 0.207786</system-out>
      </testcase>
      <testcase name="testInsertionSort" class="SortableTest" file="/Users/mtkocak/Desktop/php-data-structures/tests/SortableTest.php" line="93" assertions="1" time="0.086661">
        <system-out>
Insertion Sort: 0.0793</system-out>
      </testcase>
      <testcase name="testInsertionSortArray" class="SortableTest" file="/Users/mtkocak/Desktop/php-data-structures/tests/SortableTest.php" line="103" assertions="1" time="0.175813">
        <system-out>
Insertion Sort with Array: -0.832012</system-out>
      </testcase>
      <testcase name="testMergeSort" class="SortableTest" file="/Users/mtkocak/Desktop/php-data-structures/tests/SortableTest.php" line="113" assertions="1" time="0.133993">
        <system-out>
Merge Sort: 0.126266</system-out>
      </testcase>
      <testcase name="testQuickSort" class="SortableTest" file="/Users/mtkocak/Desktop/php-data-structures/tests/SortableTest.php" line="122" assertions="1" time="0.095782">
        <system-out>
Quick Sort: 0.087202</system-out>
      </testcase>
    </testsuite>
    <testsuite name="StackTest" file="/Users/mtkocak/Desktop/php-data-structures/tests/StackTest.php" tests="2" assertions="3" failures="0" errors="0" time="0.006833">
      <testcase name="testAddData" class="StackTest" file="/Users/mtkocak/Desktop/php-data-structures/tests/StackTest.php" line="20" assertions="1" time="0.003357"/>
      <testcase name="testAddAnotherData" class="StackTest" file="/Users/mtkocak/Desktop/php-data-structures/tests/StackTest.php" line="28" assertions="2" time="0.003476"/>
    </testsuite>
  </testsuite>
</testsuites>
