<?xml version="1.0" encoding="UTF-8"?>
<testsuites>
  <testsuite name="PHP Algorithms Test Suite" tests="67" assertions="176" failures="0" errors="0" time="0.473253">
    <testsuite name="AlgorithmsTest" file="/Users/mtkocak/Desktop/php-algorithms/tests/AlgorithmsTest.php" tests="1" assertions="1" failures="0" errors="0" time="0.004631">
      <testcase name="testAlgorithmsHasCheese" class="AlgorithmsTest" file="/Users/mtkocak/Desktop/php-algorithms/tests/AlgorithmsTest.php" line="7" assertions="1" time="0.004631"/>
    </testsuite>
    <testsuite name="doubleLinkedListTest" file="/Users/mtkocak/Desktop/php-algorithms/tests/DoubleLinkedListTest.php" tests="20" assertions="55" failures="0" errors="0" time="0.150620">
      <testcase name="testAddData" class="doubleLinkedListTest" file="/Users/mtkocak/Desktop/php-algorithms/tests/DoubleLinkedListTest.php" line="20" assertions="1" time="0.005238"/>
      <testcase name="testAddAnotherData" class="doubleLinkedListTest" file="/Users/mtkocak/Desktop/php-algorithms/tests/DoubleLinkedListTest.php" line="28" assertions="2" time="0.003642"/>
      <testcase name="testListAll" class="doubleLinkedListTest" file="/Users/mtkocak/Desktop/php-algorithms/tests/DoubleLinkedListTest.php" line="40" assertions="1" time="0.003256"/>
      <testcase name="testGoToPosition" class="doubleLinkedListTest" file="/Users/mtkocak/Desktop/php-algorithms/tests/DoubleLinkedListTest.php" line="53" assertions="5" time="0.005815"/>
      <testcase name="testGetPosition" class="doubleLinkedListTest" file="/Users/mtkocak/Desktop/php-algorithms/tests/DoubleLinkedListTest.php" line="59" assertions="5" time="0.016234"/>
      <testcase name="testGetFirstPosition" class="doubleLinkedListTest" file="/Users/mtkocak/Desktop/php-algorithms/tests/DoubleLinkedListTest.php" line="68" assertions="4" time="0.009998"/>
      <testcase name="testGetLastPosition" class="doubleLinkedListTest" file="/Users/mtkocak/Desktop/php-algorithms/tests/DoubleLinkedListTest.php" line="75" assertions="5" time="0.008990"/>
      <testcase name="testGetEmptyPosition" class="doubleLinkedListTest" file="/Users/mtkocak/Desktop/php-algorithms/tests/DoubleLinkedListTest.php" line="82" assertions="1" time="0.005461"/>
      <testcase name="testSearchEmpty" class="doubleLinkedListTest" file="/Users/mtkocak/Desktop/php-algorithms/tests/DoubleLinkedListTest.php" line="86" assertions="1" time="0.007598"/>
      <testcase name="testSearchFirst" class="doubleLinkedListTest" file="/Users/mtkocak/Desktop/php-algorithms/tests/DoubleLinkedListTest.php" line="91" assertions="1" time="0.006281"/>
      <testcase name="testSearchLast" class="doubleLinkedListTest" file="/Users/mtkocak/Desktop/php-algorithms/tests/DoubleLinkedListTest.php" line="97" assertions="3" time="0.008340"/>
      <testcase name="testSearchMiddle" class="doubleLinkedListTest" file="/Users/mtkocak/Desktop/php-algorithms/tests/DoubleLinkedListTest.php" line="105" assertions="2" time="0.006718"/>
      <testcase name="testDeleteEmpty" class="doubleLinkedListTest" file="/Users/mtkocak/Desktop/php-algorithms/tests/DoubleLinkedListTest.php" line="112" assertions="1" time="0.005767"/>
      <testcase name="testDeleteLastPosition" class="doubleLinkedListTest" file="/Users/mtkocak/Desktop/php-algorithms/tests/DoubleLinkedListTest.php" line="116" assertions="3" time="0.009104"/>
      <testcase name="testDeleteLast" class="doubleLinkedListTest" file="/Users/mtkocak/Desktop/php-algorithms/tests/DoubleLinkedListTest.php" line="123" assertions="4" time="0.008966"/>
      <testcase name="testDeleteMiddle" class="doubleLinkedListTest" file="/Users/mtkocak/Desktop/php-algorithms/tests/DoubleLinkedListTest.php" line="129" assertions="4" time="0.007986"/>
      <testcase name="testSetDataEmpty" class="doubleLinkedListTest" file="/Users/mtkocak/Desktop/php-algorithms/tests/DoubleLinkedListTest.php" line="135" assertions="1" time="0.005420"/>
      <testcase name="testSetDataLastPosition" class="doubleLinkedListTest" file="/Users/mtkocak/Desktop/php-algorithms/tests/DoubleLinkedListTest.php" line="140" assertions="3" time="0.008291"/>
      <testcase name="testSetDataLast" class="doubleLinkedListTest" file="/Users/mtkocak/Desktop/php-algorithms/tests/DoubleLinkedListTest.php" line="146" assertions="4" time="0.009465"/>
      <testcase name="testSetDataMiddle" class="doubleLinkedListTest" file="/Users/mtkocak/Desktop/php-algorithms/tests/DoubleLinkedListTest.php" line="153" assertions="4" time="0.008050"/>
    </testsuite>
    <testsuite name="QueueTest" file="/Users/mtkocak/Desktop/php-algorithms/tests/QueueTest.php" tests="8" assertions="19" failures="0" errors="0" time="0.048337">
      <testcase name="testAddData" class="QueueTest" file="/Users/mtkocak/Desktop/php-algorithms/tests/QueueTest.php" line="20" assertions="1" time="0.003486"/>
      <testcase name="testAddAnotherData" class="QueueTest" file="/Users/mtkocak/Desktop/php-algorithms/tests/QueueTest.php" line="28" assertions="2" time="0.003446"/>
      <testcase name="testListAll" class="QueueTest" file="/Users/mtkocak/Desktop/php-algorithms/tests/QueueTest.php" line="38" assertions="1" time="0.002866"/>
      <testcase name="testGetData" class="QueueTest" file="/Users/mtkocak/Desktop/php-algorithms/tests/QueueTest.php" line="54" assertions="5" time="0.008879"/>
      <testcase name="testDeleteEmpty" class="QueueTest" file="/Users/mtkocak/Desktop/php-algorithms/tests/QueueTest.php" line="62" assertions="1" time="0.005368"/>
      <testcase name="testDeleteLast" class="QueueTest" file="/Users/mtkocak/Desktop/php-algorithms/tests/QueueTest.php" line="66" assertions="4" time="0.008581"/>
      <testcase name="testSetDataEmpty" class="QueueTest" file="/Users/mtkocak/Desktop/php-algorithms/tests/QueueTest.php" line="73" assertions="1" time="0.006057"/>
      <testcase name="testSetDataLast" class="QueueTest" file="/Users/mtkocak/Desktop/php-algorithms/tests/QueueTest.php" line="78" assertions="4" time="0.009654"/>
    </testsuite>
    <testsuite name="SingleLinkedListTest" file="/Users/mtkocak/Desktop/php-algorithms/tests/SingleLinkedListTest.php" tests="19" assertions="50" failures="0" errors="0" time="0.137872">
      <testcase name="testAddData" class="SingleLinkedListTest" file="/Users/mtkocak/Desktop/php-algorithms/tests/SingleLinkedListTest.php" line="20" assertions="1" time="0.003636"/>
      <testcase name="testAddAnotherData" class="SingleLinkedListTest" file="/Users/mtkocak/Desktop/php-algorithms/tests/SingleLinkedListTest.php" line="28" assertions="2" time="0.003707"/>
      <testcase name="testListAll" class="SingleLinkedListTest" file="/Users/mtkocak/Desktop/php-algorithms/tests/SingleLinkedListTest.php" line="38" assertions="1" time="0.003602"/>
      <testcase name="testGetPosition" class="SingleLinkedListTest" file="/Users/mtkocak/Desktop/php-algorithms/tests/SingleLinkedListTest.php" line="50" assertions="5" time="0.009602"/>
      <testcase name="testGetFirstPosition" class="SingleLinkedListTest" file="/Users/mtkocak/Desktop/php-algorithms/tests/SingleLinkedListTest.php" line="57" assertions="4" time="0.009276"/>
      <testcase name="testGetLastPosition" class="SingleLinkedListTest" file="/Users/mtkocak/Desktop/php-algorithms/tests/SingleLinkedListTest.php" line="64" assertions="5" time="0.011214"/>
      <testcase name="testGetEmptyPosition" class="SingleLinkedListTest" file="/Users/mtkocak/Desktop/php-algorithms/tests/SingleLinkedListTest.php" line="71" assertions="1" time="0.005905"/>
      <testcase name="testSearchEmpty" class="SingleLinkedListTest" file="/Users/mtkocak/Desktop/php-algorithms/tests/SingleLinkedListTest.php" line="75" assertions="1" time="0.006018"/>
      <testcase name="testSearchFirst" class="SingleLinkedListTest" file="/Users/mtkocak/Desktop/php-algorithms/tests/SingleLinkedListTest.php" line="80" assertions="1" time="0.006520"/>
      <testcase name="testSearchLast" class="SingleLinkedListTest" file="/Users/mtkocak/Desktop/php-algorithms/tests/SingleLinkedListTest.php" line="86" assertions="3" time="0.007997"/>
      <testcase name="testSearchMiddle" class="SingleLinkedListTest" file="/Users/mtkocak/Desktop/php-algorithms/tests/SingleLinkedListTest.php" line="93" assertions="2" time="0.007232"/>
      <testcase name="testDeleteEmpty" class="SingleLinkedListTest" file="/Users/mtkocak/Desktop/php-algorithms/tests/SingleLinkedListTest.php" line="100" assertions="1" time="0.005842"/>
      <testcase name="testDeleteLastPosition" class="SingleLinkedListTest" file="/Users/mtkocak/Desktop/php-algorithms/tests/SingleLinkedListTest.php" line="104" assertions="3" time="0.008345"/>
      <testcase name="testDeleteLast" class="SingleLinkedListTest" file="/Users/mtkocak/Desktop/php-algorithms/tests/SingleLinkedListTest.php" line="111" assertions="4" time="0.010345"/>
      <testcase name="testDeleteMiddle" class="SingleLinkedListTest" file="/Users/mtkocak/Desktop/php-algorithms/tests/SingleLinkedListTest.php" line="117" assertions="4" time="0.008013"/>
      <testcase name="testSetDataEmpty" class="SingleLinkedListTest" file="/Users/mtkocak/Desktop/php-algorithms/tests/SingleLinkedListTest.php" line="123" assertions="1" time="0.005543"/>
      <testcase name="testSetDataLastPosition" class="SingleLinkedListTest" file="/Users/mtkocak/Desktop/php-algorithms/tests/SingleLinkedListTest.php" line="128" assertions="3" time="0.008374"/>
      <testcase name="testSetDataLast" class="SingleLinkedListTest" file="/Users/mtkocak/Desktop/php-algorithms/tests/SingleLinkedListTest.php" line="134" assertions="4" time="0.008339"/>
      <testcase name="testSetDataMiddle" class="SingleLinkedListTest" file="/Users/mtkocak/Desktop/php-algorithms/tests/SingleLinkedListTest.php" line="141" assertions="4" time="0.008362"/>
    </testsuite>
    <testsuite name="StackTest" file="/Users/mtkocak/Desktop/php-algorithms/tests/StackTest.php" tests="19" assertions="51" failures="0" errors="0" time="0.131793">
      <testcase name="testAddData" class="StackTest" file="/Users/mtkocak/Desktop/php-algorithms/tests/StackTest.php" line="20" assertions="1" time="0.003195"/>
      <testcase name="testAddAnotherData" class="StackTest" file="/Users/mtkocak/Desktop/php-algorithms/tests/StackTest.php" line="28" assertions="2" time="0.003784"/>
      <testcase name="testListAll" class="StackTest" file="/Users/mtkocak/Desktop/php-algorithms/tests/StackTest.php" line="38" assertions="1" time="0.003531"/>
      <testcase name="testGetPosition" class="StackTest" file="/Users/mtkocak/Desktop/php-algorithms/tests/StackTest.php" line="55" assertions="5" time="0.009578"/>
      <testcase name="testGetFirstPosition" class="StackTest" file="/Users/mtkocak/Desktop/php-algorithms/tests/StackTest.php" line="62" assertions="4" time="0.008584"/>
      <testcase name="testGetLastPosition" class="StackTest" file="/Users/mtkocak/Desktop/php-algorithms/tests/StackTest.php" line="69" assertions="5" time="0.008962"/>
      <testcase name="testGetEmptyPosition" class="StackTest" file="/Users/mtkocak/Desktop/php-algorithms/tests/StackTest.php" line="76" assertions="1" time="0.006019"/>
      <testcase name="testSearchEmpty" class="StackTest" file="/Users/mtkocak/Desktop/php-algorithms/tests/StackTest.php" line="80" assertions="1" time="0.006029"/>
      <testcase name="testSearchFirst" class="StackTest" file="/Users/mtkocak/Desktop/php-algorithms/tests/StackTest.php" line="85" assertions="1" time="0.006178"/>
      <testcase name="testSearchLast" class="StackTest" file="/Users/mtkocak/Desktop/php-algorithms/tests/StackTest.php" line="91" assertions="3" time="0.007303"/>
      <testcase name="testSearchMiddle" class="StackTest" file="/Users/mtkocak/Desktop/php-algorithms/tests/StackTest.php" line="100" assertions="3" time="0.007852"/>
      <testcase name="testDeleteEmpty" class="StackTest" file="/Users/mtkocak/Desktop/php-algorithms/tests/StackTest.php" line="108" assertions="1" time="0.006505"/>
      <testcase name="testDeleteLastPosition" class="StackTest" file="/Users/mtkocak/Desktop/php-algorithms/tests/StackTest.php" line="112" assertions="3" time="0.008046"/>
      <testcase name="testDeleteLast" class="StackTest" file="/Users/mtkocak/Desktop/php-algorithms/tests/StackTest.php" line="119" assertions="4" time="0.008960"/>
      <testcase name="testDeleteMiddle" class="StackTest" file="/Users/mtkocak/Desktop/php-algorithms/tests/StackTest.php" line="125" assertions="4" time="0.008692"/>
      <testcase name="testSetDataEmpty" class="StackTest" file="/Users/mtkocak/Desktop/php-algorithms/tests/StackTest.php" line="131" assertions="1" time="0.005447"/>
      <testcase name="testSetDataLastPosition" class="StackTest" file="/Users/mtkocak/Desktop/php-algorithms/tests/StackTest.php" line="136" assertions="3" time="0.007436"/>
      <testcase name="testSetDataLast" class="StackTest" file="/Users/mtkocak/Desktop/php-algorithms/tests/StackTest.php" line="142" assertions="4" time="0.007898"/>
      <testcase name="testSetDataMiddle" class="StackTest" file="/Users/mtkocak/Desktop/php-algorithms/tests/StackTest.php" line="149" assertions="4" time="0.007794"/>
    </testsuite>
  </testsuite>
</testsuites>
